TN:
SF:_server.js
FN:13,(anonymous_0)
FN:18,(anonymous_1)
FN:22,(anonymous_2)
FN:26,(anonymous_3)
FN:30,(anonymous_4)
FN:34,(anonymous_5)
FN:38,(anonymous_6)
FN:43,(anonymous_7)
FN:72,(anonymous_8)
FN:75,(anonymous_9)
FN:80,(anonymous_10)
FN:86,(anonymous_11)
FNF:12
FNH:0
FNDA:0,(anonymous_0)
FNDA:0,(anonymous_1)
FNDA:0,(anonymous_2)
FNDA:0,(anonymous_3)
FNDA:0,(anonymous_4)
FNDA:0,(anonymous_5)
FNDA:0,(anonymous_6)
FNDA:0,(anonymous_7)
FNDA:0,(anonymous_8)
FNDA:0,(anonymous_9)
FNDA:0,(anonymous_10)
FNDA:0,(anonymous_11)
DA:1,0
DA:2,0
DA:3,0
DA:4,0
DA:6,0
DA:7,0
DA:8,0
DA:10,0
DA:13,0
DA:14,0
DA:18,0
DA:19,0
DA:22,0
DA:23,0
DA:26,0
DA:27,0
DA:30,0
DA:31,0
DA:34,0
DA:35,0
DA:38,0
DA:39,0
DA:43,0
DA:44,0
DA:52,0
DA:53,0
DA:54,0
DA:55,0
DA:58,0
DA:66,0
DA:72,0
DA:73,0
DA:75,0
DA:76,0
DA:77,0
DA:80,0
DA:81,0
DA:85,0
DA:86,0
DA:87,0
LF:40
LH:0
BRDA:54,0,0,0
BRDA:54,0,1,0
BRF:2
BRH:0
end_of_record
TN:
SF:database.js
FN:6,(anonymous_0)
FN:12,(anonymous_1)
FN:60,(anonymous_2)
FN:74,(anonymous_3)
FN:138,(anonymous_4)
FN:143,(anonymous_5)
FN:144,(anonymous_6)
FN:154,(anonymous_7)
FN:169,(anonymous_8)
FN:170,(anonymous_9)
FN:171,(anonymous_10)
FN:185,(anonymous_11)
FN:186,(anonymous_12)
FN:189,(anonymous_13)
FN:232,(anonymous_14)
FN:233,(anonymous_15)
FN:243,(anonymous_16)
FN:250,(anonymous_17)
FN:267,(anonymous_18)
FN:268,(anonymous_19)
FN:275,(anonymous_20)
FN:283,(anonymous_21)
FN:294,(anonymous_22)
FN:295,(anonymous_23)
FN:299,(anonymous_24)
FN:308,(anonymous_25)
FN:309,(anonymous_26)
FN:316,(anonymous_27)
FN:324,(anonymous_28)
FN:325,(anonymous_29)
FN:332,(anonymous_30)
FN:340,(anonymous_31)
FN:341,(anonymous_32)
FN:347,(anonymous_33)
FN:355,(anonymous_34)
FN:356,(anonymous_35)
FN:363,(anonymous_36)
FN:371,(anonymous_37)
FN:372,(anonymous_38)
FN:376,(anonymous_39)
FN:379,(anonymous_40)
FN:391,(anonymous_41)
FN:392,(anonymous_42)
FN:405,(anonymous_43)
FN:412,(anonymous_44)
FNF:45
FNH:0
FNDA:0,(anonymous_0)
FNDA:0,(anonymous_1)
FNDA:0,(anonymous_2)
FNDA:0,(anonymous_3)
FNDA:0,(anonymous_4)
FNDA:0,(anonymous_5)
FNDA:0,(anonymous_6)
FNDA:0,(anonymous_7)
FNDA:0,(anonymous_8)
FNDA:0,(anonymous_9)
FNDA:0,(anonymous_10)
FNDA:0,(anonymous_11)
FNDA:0,(anonymous_12)
FNDA:0,(anonymous_13)
FNDA:0,(anonymous_14)
FNDA:0,(anonymous_15)
FNDA:0,(anonymous_16)
FNDA:0,(anonymous_17)
FNDA:0,(anonymous_18)
FNDA:0,(anonymous_19)
FNDA:0,(anonymous_20)
FNDA:0,(anonymous_21)
FNDA:0,(anonymous_22)
FNDA:0,(anonymous_23)
FNDA:0,(anonymous_24)
FNDA:0,(anonymous_25)
FNDA:0,(anonymous_26)
FNDA:0,(anonymous_27)
FNDA:0,(anonymous_28)
FNDA:0,(anonymous_29)
FNDA:0,(anonymous_30)
FNDA:0,(anonymous_31)
FNDA:0,(anonymous_32)
FNDA:0,(anonymous_33)
FNDA:0,(anonymous_34)
FNDA:0,(anonymous_35)
FNDA:0,(anonymous_36)
FNDA:0,(anonymous_37)
FNDA:0,(anonymous_38)
FNDA:0,(anonymous_39)
FNDA:0,(anonymous_40)
FNDA:0,(anonymous_41)
FNDA:0,(anonymous_42)
FNDA:0,(anonymous_43)
FNDA:0,(anonymous_44)
DA:1,3
DA:2,3
DA:3,3
DA:7,0
DA:8,0
DA:9,0
DA:13,0
DA:60,0
DA:61,0
DA:62,0
DA:64,0
DA:66,0
DA:67,0
DA:75,0
DA:77,0
DA:78,0
DA:79,0
DA:80,0
DA:84,0
DA:123,0
DA:130,0
DA:131,0
DA:134,0
DA:139,0
DA:144,0
DA:145,0
DA:146,0
DA:147,0
DA:149,0
DA:154,0
DA:155,0
DA:156,0
DA:158,0
DA:170,0
DA:171,0
DA:172,0
DA:173,0
DA:174,0
DA:175,0
DA:176,0
DA:178,0
DA:186,0
DA:187,0
DA:189,0
DA:190,0
DA:191,0
DA:192,0
DA:193,0
DA:194,0
DA:195,0
DA:197,0
DA:200,0
DA:201,0
DA:202,0
DA:203,0
DA:204,0
DA:208,0
DA:210,0
DA:211,0
DA:212,0
DA:213,0
DA:217,0
DA:218,0
DA:219,0
DA:220,0
DA:221,0
DA:224,0
DA:225,0
DA:233,0
DA:235,0
DA:238,0
DA:243,0
DA:244,0
DA:245,0
DA:247,0
DA:249,0
DA:250,0
DA:251,0
DA:252,0
DA:254,0
DA:268,0
DA:269,0
DA:275,0
DA:276,0
DA:277,0
DA:280,0
DA:284,0
DA:285,0
DA:295,0
DA:296,0
DA:300,0
DA:301,0
DA:309,0
DA:310,0
DA:316,0
DA:317,0
DA:318,0
DA:325,0
DA:326,0
DA:332,0
DA:333,0
DA:334,0
DA:341,0
DA:342,0
DA:347,0
DA:348,0
DA:349,0
DA:356,0
DA:357,0
DA:363,0
DA:364,0
DA:365,0
DA:372,0
DA:373,0
DA:376,0
DA:377,0
DA:378,0
DA:379,0
DA:380,0
DA:382,0
DA:383,0
DA:392,0
DA:393,0
DA:405,0
DA:406,0
DA:407,0
DA:413,0
DA:417,3
LF:128
LH:4
BRDA:6,0,0,0
BRDA:6,1,0,0
BRDA:8,2,0,0
BRDA:8,2,1,0
BRDA:61,3,0,0
BRDA:61,3,1,0
BRDA:66,4,0,0
BRDA:66,4,1,0
BRDA:78,5,0,0
BRDA:78,5,1,0
BRDA:143,6,0,0
BRDA:145,7,0,0
BRDA:145,7,1,0
BRDA:155,8,0,0
BRDA:155,8,1,0
BRDA:172,9,0,0
BRDA:172,9,1,0
BRDA:174,10,0,0
BRDA:174,10,1,0
BRDA:175,11,0,0
BRDA:175,11,1,0
BRDA:190,12,0,0
BRDA:190,12,1,0
BRDA:193,13,0,0
BRDA:193,13,1,0
BRDA:200,14,0,0
BRDA:200,14,1,0
BRDA:200,15,0,0
BRDA:200,15,1,0
BRDA:202,16,0,0
BRDA:202,16,1,0
BRDA:208,17,0,0
BRDA:208,17,1,0
BRDA:208,18,0,0
BRDA:208,18,1,0
BRDA:208,18,2,0
BRDA:211,19,0,0
BRDA:211,19,1,0
BRDA:217,20,0,0
BRDA:217,20,1,0
BRDA:217,21,0,0
BRDA:217,21,1,0
BRDA:219,22,0,0
BRDA:219,22,1,0
BRDA:244,23,0,0
BRDA:244,23,1,0
BRDA:251,24,0,0
BRDA:251,24,1,0
BRDA:276,25,0,0
BRDA:276,25,1,0
BRDA:284,26,0,0
BRDA:284,26,1,0
BRDA:300,27,0,0
BRDA:300,27,1,0
BRDA:317,28,0,0
BRDA:317,28,1,0
BRDA:333,29,0,0
BRDA:333,29,1,0
BRDA:348,30,0,0
BRDA:348,30,1,0
BRDA:364,31,0,0
BRDA:364,31,1,0
BRDA:380,32,0,0
BRDA:380,32,1,0
BRDA:406,33,0,0
BRDA:406,33,1,0
BRF:66
BRH:0
end_of_record
TN:
SF:server.js
FN:36,(anonymous_0)
FN:50,(anonymous_1)
FN:61,(anonymous_2)
FN:69,(anonymous_3)
FN:73,(anonymous_4)
FN:92,(anonymous_5)
FN:100,(anonymous_6)
FN:110,(anonymous_7)
FN:112,(anonymous_8)
FN:113,(anonymous_9)
FN:114,(anonymous_10)
FN:122,(anonymous_11)
FN:137,(anonymous_12)
FN:146,(anonymous_13)
FN:159,generateGamePin
FN:176,loadQuestions
FN:209,(anonymous_16)
FN:214,(anonymous_17)
FN:218,(anonymous_18)
FN:223,(anonymous_19)
FN:227,(anonymous_20)
FN:232,(anonymous_21)
FN:236,(anonymous_22)
FN:241,(anonymous_23)
FN:246,(anonymous_24)
FN:266,(anonymous_25)
FN:270,(anonymous_26)
FN:276,(anonymous_27)
FN:281,(anonymous_28)
FN:333,(anonymous_29)
FN:369,(anonymous_30)
FN:396,(anonymous_31)
FN:404,(anonymous_32)
FN:420,(anonymous_33)
FN:425,(anonymous_34)
FN:465,(anonymous_35)
FN:475,(anonymous_36)
FN:483,(anonymous_37)
FN:500,(anonymous_38)
FN:537,(anonymous_39)
FN:543,(anonymous_40)
FN:547,(anonymous_41)
FN:564,(anonymous_42)
FN:593,(anonymous_43)
FN:639,(anonymous_44)
FN:695,(anonymous_45)
FN:731,(anonymous_46)
FN:733,(anonymous_47)
FN:751,(anonymous_48)
FN:771,(anonymous_49)
FN:798,endQuestion
FN:813,(anonymous_51)
FN:837,updateDashboardStats
FN:845,(anonymous_53)
FN:851,updatePanelLeaderboard
FN:860,calculateAnswerStats
FN:862,(anonymous_56)
FN:869,(anonymous_57)
FN:876,(anonymous_58)
FN:885,(anonymous_59)
FN:895,(anonymous_60)
FN:909,(anonymous_61)
FNF:62
FNH:0
FNDA:0,(anonymous_0)
FNDA:0,(anonymous_1)
FNDA:0,(anonymous_2)
FNDA:0,(anonymous_3)
FNDA:0,(anonymous_4)
FNDA:0,(anonymous_5)
FNDA:0,(anonymous_6)
FNDA:0,(anonymous_7)
FNDA:0,(anonymous_8)
FNDA:0,(anonymous_9)
FNDA:0,(anonymous_10)
FNDA:0,(anonymous_11)
FNDA:0,(anonymous_12)
FNDA:0,(anonymous_13)
FNDA:0,generateGamePin
FNDA:0,loadQuestions
FNDA:0,(anonymous_16)
FNDA:0,(anonymous_17)
FNDA:0,(anonymous_18)
FNDA:0,(anonymous_19)
FNDA:0,(anonymous_20)
FNDA:0,(anonymous_21)
FNDA:0,(anonymous_22)
FNDA:0,(anonymous_23)
FNDA:0,(anonymous_24)
FNDA:0,(anonymous_25)
FNDA:0,(anonymous_26)
FNDA:0,(anonymous_27)
FNDA:0,(anonymous_28)
FNDA:0,(anonymous_29)
FNDA:0,(anonymous_30)
FNDA:0,(anonymous_31)
FNDA:0,(anonymous_32)
FNDA:0,(anonymous_33)
FNDA:0,(anonymous_34)
FNDA:0,(anonymous_35)
FNDA:0,(anonymous_36)
FNDA:0,(anonymous_37)
FNDA:0,(anonymous_38)
FNDA:0,(anonymous_39)
FNDA:0,(anonymous_40)
FNDA:0,(anonymous_41)
FNDA:0,(anonymous_42)
FNDA:0,(anonymous_43)
FNDA:0,(anonymous_44)
FNDA:0,(anonymous_45)
FNDA:0,(anonymous_46)
FNDA:0,(anonymous_47)
FNDA:0,(anonymous_48)
FNDA:0,(anonymous_49)
FNDA:0,endQuestion
FNDA:0,(anonymous_51)
FNDA:0,updateDashboardStats
FNDA:0,(anonymous_53)
FNDA:0,updatePanelLeaderboard
FNDA:0,calculateAnswerStats
FNDA:0,(anonymous_56)
FNDA:0,(anonymous_57)
FNDA:0,(anonymous_58)
FNDA:0,(anonymous_59)
FNDA:0,(anonymous_60)
FNDA:0,(anonymous_61)
DA:1,0
DA:2,0
DA:3,0
DA:4,0
DA:5,0
DA:6,0
DA:8,0
DA:9,0
DA:10,0
DA:18,0
DA:21,0
DA:24,0
DA:25,0
DA:26,0
DA:29,0
DA:30,0
DA:31,0
DA:32,0
DA:37,0
DA:38,0
DA:39,0
DA:40,0
DA:41,0
DA:42,0
DA:43,0
DA:44,0
DA:45,0
DA:46,0
DA:47,0
DA:51,0
DA:62,0
DA:63,0
DA:64,0
DA:70,0
DA:74,0
DA:75,0
DA:76,0
DA:78,0
DA:81,0
DA:82,0
DA:84,0
DA:92,0
DA:93,0
DA:94,0
DA:97,0
DA:101,0
DA:103,0
DA:104,0
DA:105,0
DA:107,0
DA:111,0
DA:112,0
DA:113,0
DA:114,0
DA:123,0
DA:124,0
DA:125,0
DA:127,0
DA:128,0
DA:129,0
DA:132,0
DA:133,0
DA:138,0
DA:147,0
DA:148,0
DA:149,0
DA:150,0
DA:152,0
DA:160,0
DA:162,0
DA:163,0
DA:165,0
DA:170,0
DA:171,0
DA:173,0
DA:177,0
DA:178,0
DA:179,0
DA:180,0
DA:182,0
DA:184,0
DA:209,0
DA:210,0
DA:214,0
DA:215,0
DA:218,0
DA:219,0
DA:223,0
DA:224,0
DA:227,0
DA:228,0
DA:232,0
DA:233,0
DA:236,0
DA:237,0
DA:241,0
DA:242,0
DA:246,0
DA:247,0
DA:248,0
DA:249,0
DA:250,0
DA:253,0
DA:261,0
DA:266,0
DA:267,0
DA:270,0
DA:271,0
DA:272,0
DA:276,0
DA:277,0
DA:281,0
DA:282,0
DA:283,0
DA:285,0
DA:286,0
DA:289,0
DA:292,0
DA:295,0
DA:303,0
DA:304,0
DA:305,0
DA:308,0
DA:314,0
DA:315,0
DA:322,0
DA:325,0
DA:326,0
DA:333,0
DA:334,0
DA:335,0
DA:336,0
DA:339,0
DA:340,0
DA:341,0
DA:342,0
DA:345,0
DA:347,0
DA:348,0
DA:349,0
DA:352,0
DA:355,0
DA:358,0
DA:359,0
DA:360,0
DA:362,0
DA:363,0
DA:364,0
DA:365,0
DA:366,0
DA:369,0
DA:370,0
DA:373,0
DA:374,0
DA:378,0
DA:379,0
DA:380,0
DA:381,0
DA:385,0
DA:386,0
DA:392,0
DA:395,0
DA:396,0
DA:398,0
DA:404,0
DA:409,0
DA:412,0
DA:413,0
DA:420,0
DA:421,0
DA:422,0
DA:425,0
DA:426,0
DA:427,0
DA:430,0
DA:433,0
DA:434,0
DA:436,0
DA:437,0
DA:438,0
DA:440,0
DA:450,0
DA:453,0
DA:459,0
DA:462,0
DA:465,0
DA:466,0
DA:467,0
DA:471,0
DA:475,0
DA:476,0
DA:477,0
DA:479,0
DA:483,0
DA:484,0
DA:485,0
DA:486,0
DA:487,0
DA:488,0
DA:492,0
DA:493,0
DA:494,0
DA:495,0
DA:496,0
DA:497,0
DA:500,0
DA:501,0
DA:504,0
DA:507,0
DA:508,0
DA:509,0
DA:513,0
DA:516,0
DA:522,0
DA:523,0
DA:526,0
DA:532,0
DA:534,0
DA:537,0
DA:542,0
DA:543,0
DA:544,0
DA:547,0
DA:552,0
DA:554,0
DA:557,0
DA:558,0
DA:564,0
DA:565,0
DA:567,0
DA:568,0
DA:569,0
DA:570,0
DA:573,0
DA:574,0
DA:575,0
DA:576,0
DA:579,0
DA:580,0
DA:581,0
DA:582,0
DA:586,0
DA:587,0
DA:588,0
DA:589,0
DA:590,0
DA:591,0
DA:593,0
DA:594,0
DA:597,0
DA:601,0
DA:602,0
DA:603,0
DA:604,0
DA:608,0
DA:609,0
DA:610,0
DA:611,0
DA:615,0
DA:621,0
DA:623,0
DA:630,0
DA:633,0
DA:634,0
DA:639,0
DA:640,0
DA:641,0
DA:642,0
DA:644,0
DA:645,0
DA:647,0
DA:648,0
DA:650,0
DA:651,0
DA:652,0
DA:655,0
DA:656,0
DA:657,0
DA:660,0
DA:664,0
DA:675,0
DA:684,0
DA:685,0
DA:687,0
DA:690,0
DA:695,0
DA:696,0
DA:697,0
DA:698,0
DA:699,0
DA:700,0
DA:703,0
DA:706,0
DA:714,0
DA:715,0
DA:716,0
DA:724,0
DA:728,0
DA:729,0
DA:730,0
DA:731,0
DA:733,0
DA:739,0
DA:742,0
DA:745,0
DA:746,0
DA:751,0
DA:752,0
DA:755,0
DA:756,0
DA:759,0
DA:760,0
DA:761,0
DA:763,0
DA:764,0
DA:765,0
DA:766,0
DA:767,0
DA:770,0
DA:771,0
DA:772,0
DA:778,0
DA:781,0
DA:785,0
DA:786,0
DA:787,0
DA:788,0
DA:789,0
DA:790,0
DA:792,0
DA:799,0
DA:801,0
DA:802,0
DA:803,0
DA:806,0
DA:808,0
DA:813,0
DA:817,0
DA:820,0
DA:821,0
DA:828,0
DA:831,0
DA:833,0
DA:838,0
DA:840,0
DA:841,0
DA:843,0
DA:845,0
DA:852,0
DA:854,0
DA:861,0
DA:862,0
DA:863,0
DA:864,0
DA:868,0
DA:869,0
DA:876,0
DA:877,0
DA:878,0
DA:879,0
DA:885,0
DA:886,0
DA:887,0
DA:888,0
DA:890,0
DA:895,0
DA:896,0
DA:899,0
DA:900,0
DA:903,0
DA:904,0
DA:908,0
DA:909,0
DA:910,0
DA:911,0
DA:912,0
DA:913,0
LF:377
LH:0
BRDA:36,0,0,0
BRDA:54,1,0,0
BRDA:54,1,1,0
BRDA:63,2,0,0
BRDA:63,2,1,0
BRDA:70,3,0,0
BRDA:70,3,1,0
BRDA:76,4,0,0
BRDA:76,4,1,0
BRDA:78,5,0,0
BRDA:78,5,1,0
BRDA:93,6,0,0
BRDA:93,6,1,0
BRDA:101,7,0,0
BRDA:101,7,1,0
BRDA:127,8,0,0
BRDA:127,8,1,0
BRDA:147,9,0,0
BRDA:147,9,1,0
BRDA:159,10,0,0
BRDA:160,11,0,0
BRDA:160,11,1,0
BRDA:162,12,0,0
BRDA:162,12,1,0
BRDA:176,13,0,0
BRDA:249,14,0,0
BRDA:249,14,1,0
BRDA:285,15,0,0
BRDA:285,15,1,0
BRDA:292,16,0,0
BRDA:292,16,1,0
BRDA:340,17,0,0
BRDA:340,17,1,0
BRDA:340,18,0,0
BRDA:340,18,1,0
BRDA:347,19,0,0
BRDA:347,19,1,0
BRDA:359,20,0,0
BRDA:359,20,1,0
BRDA:379,21,0,0
BRDA:379,21,1,0
BRDA:422,22,0,0
BRDA:422,22,1,0
BRDA:422,23,0,0
BRDA:422,23,1,0
BRDA:426,24,0,0
BRDA:426,24,1,0
BRDA:434,25,0,0
BRDA:434,25,1,0
BRDA:445,26,0,0
BRDA:445,26,1,0
BRDA:466,27,0,0
BRDA:466,27,1,0
BRDA:469,28,0,0
BRDA:469,28,1,0
BRDA:477,29,0,0
BRDA:477,29,1,0
BRDA:477,30,0,0
BRDA:477,30,1,0
BRDA:486,31,0,0
BRDA:486,31,1,0
BRDA:493,32,0,0
BRDA:493,32,1,0
BRDA:507,33,0,0
BRDA:507,33,1,0
BRDA:507,34,0,0
BRDA:507,34,1,0
BRDA:542,35,0,0
BRDA:542,35,1,0
BRDA:568,36,0,0
BRDA:568,36,1,0
BRDA:568,37,0,0
BRDA:568,37,1,0
BRDA:574,38,0,0
BRDA:574,38,1,0
BRDA:580,39,0,0
BRDA:580,39,1,0
BRDA:587,40,0,0
BRDA:587,40,1,0
BRDA:601,41,0,0
BRDA:601,41,1,0
BRDA:609,42,0,0
BRDA:609,42,1,0
BRDA:642,43,0,0
BRDA:642,43,1,0
BRDA:645,44,0,0
BRDA:645,44,1,0
BRDA:645,45,0,0
BRDA:645,45,1,0
BRDA:648,46,0,0
BRDA:648,46,1,0
BRDA:656,47,0,0
BRDA:656,47,1,0
BRDA:679,48,0,0
BRDA:679,48,1,0
BRDA:687,49,0,0
BRDA:687,49,1,0
BRDA:698,50,0,0
BRDA:698,50,1,0
BRDA:714,51,0,0
BRDA:714,51,1,0
BRDA:714,52,0,0
BRDA:714,52,1,0
BRDA:721,53,0,0
BRDA:721,53,1,0
BRDA:729,54,0,0
BRDA:729,54,1,0
BRDA:760,55,0,0
BRDA:760,55,1,0
BRDA:764,56,0,0
BRDA:764,56,1,0
BRDA:764,57,0,0
BRDA:764,57,1,0
BRDA:770,58,0,0
BRDA:770,58,1,0
BRDA:786,59,0,0
BRDA:786,59,1,0
BRDA:788,60,0,0
BRDA:788,60,1,0
BRDA:788,61,0,0
BRDA:788,61,1,0
BRDA:799,62,0,0
BRDA:799,62,1,0
BRDA:820,63,0,0
BRDA:820,63,1,0
BRDA:838,64,0,0
BRDA:838,64,1,0
BRDA:863,65,0,0
BRDA:863,65,1,0
BRDA:863,66,0,0
BRDA:863,66,1,0
BRDA:871,67,0,0
BRDA:871,67,1,0
BRDA:878,68,0,0
BRDA:878,68,1,0
BRDA:908,69,0,0
BRDA:908,69,1,0
BRF:137
BRH:0
end_of_record
