TN:
SF:database.js
FN:6,(anonymous_0)
FN:12,(anonymous_1)
FN:60,(anonymous_2)
FN:74,(anonymous_3)
FN:138,(anonymous_4)
FN:143,(anonymous_5)
FN:144,(anonymous_6)
FN:154,(anonymous_7)
FN:169,(anonymous_8)
FN:170,(anonymous_9)
FN:171,(anonymous_10)
FN:185,(anonymous_11)
FN:186,(anonymous_12)
FN:189,(anonymous_13)
FN:232,(anonymous_14)
FN:233,(anonymous_15)
FN:258,(anonymous_16)
FN:272,(anonymous_17)
FN:290,(anonymous_18)
FN:291,(anonymous_19)
FN:298,(anonymous_20)
FN:306,(anonymous_21)
FN:317,(anonymous_22)
FN:318,(anonymous_23)
FN:322,(anonymous_24)
FN:331,(anonymous_25)
FN:332,(anonymous_26)
FN:339,(anonymous_27)
FN:347,(anonymous_28)
FN:348,(anonymous_29)
FN:355,(anonymous_30)
FN:363,(anonymous_31)
FN:364,(anonymous_32)
FN:370,(anonymous_33)
FN:378,(anonymous_34)
FN:379,(anonymous_35)
FN:386,(anonymous_36)
FN:394,(anonymous_37)
FN:395,(anonymous_38)
FN:399,(anonymous_39)
FN:402,(anonymous_40)
FN:414,(anonymous_41)
FN:415,(anonymous_42)
FN:428,(anonymous_43)
FN:435,(anonymous_44)
FNF:45
FNH:12
FNDA:7,(anonymous_0)
FNDA:7,(anonymous_1)
FNDA:7,(anonymous_2)
FNDA:0,(anonymous_3)
FNDA:11,(anonymous_4)
FNDA:4,(anonymous_5)
FNDA:4,(anonymous_6)
FNDA:4,(anonymous_7)
FNDA:0,(anonymous_8)
FNDA:0,(anonymous_9)
FNDA:0,(anonymous_10)
FNDA:0,(anonymous_11)
FNDA:0,(anonymous_12)
FNDA:0,(anonymous_13)
FNDA:10,(anonymous_14)
FNDA:10,(anonymous_15)
FNDA:7,(anonymous_16)
FNDA:7,(anonymous_17)
FNDA:0,(anonymous_18)
FNDA:0,(anonymous_19)
FNDA:0,(anonymous_20)
FNDA:0,(anonymous_21)
FNDA:0,(anonymous_22)
FNDA:0,(anonymous_23)
FNDA:0,(anonymous_24)
FNDA:0,(anonymous_25)
FNDA:0,(anonymous_26)
FNDA:0,(anonymous_27)
FNDA:0,(anonymous_28)
FNDA:0,(anonymous_29)
FNDA:0,(anonymous_30)
FNDA:0,(anonymous_31)
FNDA:0,(anonymous_32)
FNDA:0,(anonymous_33)
FNDA:0,(anonymous_34)
FNDA:0,(anonymous_35)
FNDA:0,(anonymous_36)
FNDA:0,(anonymous_37)
FNDA:0,(anonymous_38)
FNDA:0,(anonymous_39)
FNDA:0,(anonymous_40)
FNDA:0,(anonymous_41)
FNDA:0,(anonymous_42)
FNDA:0,(anonymous_43)
FNDA:7,(anonymous_44)
DA:1,4
DA:2,4
DA:3,4
DA:7,7
DA:8,7
DA:9,7
DA:13,7
DA:60,7
DA:61,7
DA:62,0
DA:64,7
DA:66,7
DA:67,0
DA:75,0
DA:77,0
DA:78,0
DA:79,0
DA:80,0
DA:84,0
DA:123,0
DA:130,0
DA:131,0
DA:134,0
DA:139,11
DA:144,4
DA:145,4
DA:146,4
DA:147,4
DA:149,4
DA:154,4
DA:155,4
DA:156,0
DA:158,4
DA:170,0
DA:171,0
DA:172,0
DA:173,0
DA:174,0
DA:175,0
DA:176,0
DA:178,0
DA:186,0
DA:187,0
DA:189,0
DA:190,0
DA:191,0
DA:192,0
DA:193,0
DA:194,0
DA:195,0
DA:197,0
DA:200,0
DA:201,0
DA:202,0
DA:203,0
DA:204,0
DA:208,0
DA:210,0
DA:211,0
DA:212,0
DA:213,0
DA:217,0
DA:218,0
DA:219,0
DA:220,0
DA:221,0
DA:224,0
DA:225,0
DA:233,10
DA:235,10
DA:236,2
DA:237,2
DA:241,8
DA:242,1
DA:243,1
DA:247,7
DA:250,7
DA:256,7
DA:258,7
DA:259,7
DA:260,0
DA:261,0
DA:263,7
DA:265,7
DA:266,0
DA:267,0
DA:271,7
DA:272,7
DA:273,7
DA:274,0
DA:275,0
DA:277,7
DA:291,0
DA:292,0
DA:298,0
DA:299,0
DA:300,0
DA:303,0
DA:307,0
DA:308,0
DA:318,0
DA:319,0
DA:323,0
DA:324,0
DA:332,0
DA:333,0
DA:339,0
DA:340,0
DA:341,0
DA:348,0
DA:349,0
DA:355,0
DA:356,0
DA:357,0
DA:364,0
DA:365,0
DA:370,0
DA:371,0
DA:372,0
DA:379,0
DA:380,0
DA:386,0
DA:387,0
DA:388,0
DA:395,0
DA:396,0
DA:399,0
DA:400,0
DA:401,0
DA:402,0
DA:403,0
DA:405,0
DA:406,0
DA:415,0
DA:416,0
DA:428,0
DA:429,0
DA:430,0
DA:436,7
DA:437,7
DA:438,7
DA:443,4
LF:142
LH:42
BRDA:6,0,0,0
BRDA:6,1,0,0
BRDA:8,2,0,7
BRDA:8,2,1,0
BRDA:61,3,0,0
BRDA:61,3,1,7
BRDA:66,4,0,0
BRDA:66,4,1,7
BRDA:78,5,0,0
BRDA:78,5,1,0
BRDA:143,6,0,4
BRDA:145,7,0,0
BRDA:145,7,1,4
BRDA:155,8,0,0
BRDA:155,8,1,4
BRDA:172,9,0,0
BRDA:172,9,1,0
BRDA:174,10,0,0
BRDA:174,10,1,0
BRDA:175,11,0,0
BRDA:175,11,1,0
BRDA:190,12,0,0
BRDA:190,12,1,0
BRDA:193,13,0,0
BRDA:193,13,1,0
BRDA:200,14,0,0
BRDA:200,14,1,0
BRDA:200,15,0,0
BRDA:200,15,1,0
BRDA:202,16,0,0
BRDA:202,16,1,0
BRDA:208,17,0,0
BRDA:208,17,1,0
BRDA:208,18,0,0
BRDA:208,18,1,0
BRDA:208,18,2,0
BRDA:211,19,0,0
BRDA:211,19,1,0
BRDA:217,20,0,0
BRDA:217,20,1,0
BRDA:217,21,0,0
BRDA:217,21,1,0
BRDA:219,22,0,0
BRDA:219,22,1,0
BRDA:235,23,0,2
BRDA:235,23,1,8
BRDA:241,24,0,1
BRDA:241,24,1,7
BRDA:259,25,0,0
BRDA:259,25,1,7
BRDA:265,26,0,0
BRDA:265,26,1,7
BRDA:273,27,0,0
BRDA:273,27,1,7
BRDA:299,28,0,0
BRDA:299,28,1,0
BRDA:307,29,0,0
BRDA:307,29,1,0
BRDA:323,30,0,0
BRDA:323,30,1,0
BRDA:340,31,0,0
BRDA:340,31,1,0
BRDA:356,32,0,0
BRDA:356,32,1,0
BRDA:371,33,0,0
BRDA:371,33,1,0
BRDA:387,34,0,0
BRDA:387,34,1,0
BRDA:403,35,0,0
BRDA:403,35,1,0
BRDA:429,36,0,0
BRDA:429,36,1,0
BRDA:436,37,0,7
BRDA:436,37,1,0
BRF:74
BRH:14
end_of_record
